<testsuites id="" name="" tests="30" failures="16" skipped="0" errors="0" time="301.402566">
<testsuite name="tier1.auth.spec.ts" timestamp="2026-03-12T16:20:55.027Z" hostname="tier1" tests="5" failures="2" skipped="0" time="131.877" errors="0">
<testcase name="TIER 1: Authentication › should load the home page" classname="tier1.auth.spec.ts" time="21.664">
</testcase>
<testcase name="TIER 1: Authentication › should display login page" classname="tier1.auth.spec.ts" time="35.071">
<failure message="tier1.auth.spec.ts:14:7 should display login page" type="FAILURE">
<![CDATA[  [tier1] › tier1.auth.spec.ts:14:7 › TIER 1: Authentication › should display login page ───────────

    Error: expect(locator).toBeVisible() failed

    Locator: getByRole('heading', { name: 'Login' })
    Expected: visible
    Timeout: 5000ms
    Error: element(s) not found

    Call log:
      - Expect "toBeVisible" with timeout 5000ms
      - waiting for getByRole('heading', { name: 'Login' })


      14 |   test('should display login page', async ({ page }) => {
      15 |     await page.goto('/auth/login');
    > 16 |     await expect(page.getByRole('heading', { name: 'Login' })).toBeVisible();
         |                                                                ^
      17 |     
      18 |     // Try label first, then fallback to input selector
      19 |     const emailInput = page.locator('input[type="email"], input[name="email"]').first();
        at C:\Users\HOME\Downloads\fieldcost\e2e\tier1.auth.spec.ts:16:64

    attachment #1: screenshot (image/png) ──────────────────────────────────────────────────────────
    ..\test-results\tier1.auth-TIER-1-Authentication-should-display-login-page-tier1\test-failed-1.png
    ────────────────────────────────────────────────────────────────────────────────────────────────

    attachment #2: video (video/webm) ──────────────────────────────────────────────────────────────
    ..\test-results\tier1.auth-TIER-1-Authentication-should-display-login-page-tier1\video.webm
    ────────────────────────────────────────────────────────────────────────────────────────────────

    Error Context: ..\test-results\tier1.auth-TIER-1-Authentication-should-display-login-page-tier1\error-context.md
]]>
</failure>
<system-out>
<![CDATA[
[[ATTACHMENT|tier1.auth-TIER-1-Authentication-should-display-login-page-tier1\test-failed-1.png]]

[[ATTACHMENT|tier1.auth-TIER-1-Authentication-should-display-login-page-tier1\video.webm]]

[[ATTACHMENT|tier1.auth-TIER-1-Authentication-should-display-login-page-tier1\error-context.md]]
]]>
</system-out>
</testcase>
<testcase name="TIER 1: Authentication › should display registration page" classname="tier1.auth.spec.ts" time="33.135">
<failure message="tier1.auth.spec.ts:26:7 should display registration page" type="FAILURE">
<![CDATA[  [tier1] › tier1.auth.spec.ts:26:7 › TIER 1: Authentication › should display registration page ────

    Error: expect(locator).toBeVisible() failed

    Locator: getByRole('heading', { name: /register/i })
    Expected: visible
    Timeout: 5000ms
    Error: element(s) not found

    Call log:
      - Expect "toBeVisible" with timeout 5000ms
      - waiting for getByRole('heading', { name: /register/i })


      26 |   test('should display registration page', async ({ page }) => {
      27 |     await page.goto('/auth/register');
    > 28 |     await expect(page.getByRole('heading', { name: /register/i })).toBeVisible();
         |                                                                    ^
      29 |     
      30 |     const emailInput = page.locator('input[type="email"], input[name="email"]').first();
      31 |     await expect(emailInput).toBeVisible();
        at C:\Users\HOME\Downloads\fieldcost\e2e\tier1.auth.spec.ts:28:68

    attachment #1: screenshot (image/png) ──────────────────────────────────────────────────────────
    ..\test-results\tier1.auth-TIER-1-Authenti-b290c-d-display-registration-page-tier1\test-failed-1.png
    ────────────────────────────────────────────────────────────────────────────────────────────────

    attachment #2: video (video/webm) ──────────────────────────────────────────────────────────────
    ..\test-results\tier1.auth-TIER-1-Authenti-b290c-d-display-registration-page-tier1\video.webm
    ────────────────────────────────────────────────────────────────────────────────────────────────

    Error Context: ..\test-results\tier1.auth-TIER-1-Authenti-b290c-d-display-registration-page-tier1\error-context.md
]]>
</failure>
<system-out>
<![CDATA[
[[ATTACHMENT|tier1.auth-TIER-1-Authenti-b290c-d-display-registration-page-tier1\test-failed-1.png]]

[[ATTACHMENT|tier1.auth-TIER-1-Authenti-b290c-d-display-registration-page-tier1\video.webm]]

[[ATTACHMENT|tier1.auth-TIER-1-Authenti-b290c-d-display-registration-page-tier1\error-context.md]]
]]>
</system-out>
</testcase>
<testcase name="TIER 1: Authentication › should display reset password page" classname="tier1.auth.spec.ts" time="27.888">
</testcase>
<testcase name="TIER 1: Authentication › should display demo login page" classname="tier1.auth.spec.ts" time="14.119">
</testcase>
</testsuite>
<testsuite name="tier1.auth.spec.ts" timestamp="2026-03-12T16:20:55.027Z" hostname="chromium" tests="5" failures="3" skipped="0" time="198.459" errors="0">
<testcase name="TIER 1: Authentication › should load the home page" classname="tier1.auth.spec.ts" time="17.874">
</testcase>
<testcase name="TIER 1: Authentication › should display login page" classname="tier1.auth.spec.ts" time="48.298">
<failure message="tier1.auth.spec.ts:14:7 should display login page" type="FAILURE">
<![CDATA[  [chromium] › tier1.auth.spec.ts:14:7 › TIER 1: Authentication › should display login page ────────

    Test timeout of 30000ms exceeded.

    Error: expect(locator).toBeVisible() failed

    Locator: getByRole('heading', { name: 'Login' })
    Expected: visible
    Error: element(s) not found

    Call log:
      - Expect "toBeVisible" with timeout 5000ms
      - waiting for getByRole('heading', { name: 'Login' })


      14 |   test('should display login page', async ({ page }) => {
      15 |     await page.goto('/auth/login');
    > 16 |     await expect(page.getByRole('heading', { name: 'Login' })).toBeVisible();
         |                                                                ^
      17 |     
      18 |     // Try label first, then fallback to input selector
      19 |     const emailInput = page.locator('input[type="email"], input[name="email"]').first();
        at C:\Users\HOME\Downloads\fieldcost\e2e\tier1.auth.spec.ts:16:64

    attachment #1: video (video/webm) ──────────────────────────────────────────────────────────────
    ..\test-results\tier1.auth-TIER-1-Authentication-should-display-login-page-chromium\video.webm
    ────────────────────────────────────────────────────────────────────────────────────────────────

    Error Context: ..\test-results\tier1.auth-TIER-1-Authentication-should-display-login-page-chromium\error-context.md
]]>
</failure>
<system-out>
<![CDATA[
[[ATTACHMENT|tier1.auth-TIER-1-Authentication-should-display-login-page-chromium\video.webm]]

[[ATTACHMENT|tier1.auth-TIER-1-Authentication-should-display-login-page-chromium\error-context.md]]
]]>
</system-out>
</testcase>
<testcase name="TIER 1: Authentication › should display registration page" classname="tier1.auth.spec.ts" time="48.788">
<failure message="tier1.auth.spec.ts:26:7 should display registration page" type="FAILURE">
<![CDATA[  [chromium] › tier1.auth.spec.ts:26:7 › TIER 1: Authentication › should display registration page ─

    Test timeout of 30000ms exceeded.

    Error: expect(locator).toBeVisible() failed

    Locator: getByRole('heading', { name: /register/i })
    Expected: visible
    Timeout: 5000ms
    Error: element(s) not found

    Call log:
      - Expect "toBeVisible" with timeout 5000ms
      - waiting for getByRole('heading', { name: /register/i })


      26 |   test('should display registration page', async ({ page }) => {
      27 |     await page.goto('/auth/register');
    > 28 |     await expect(page.getByRole('heading', { name: /register/i })).toBeVisible();
         |                                                                    ^
      29 |     
      30 |     const emailInput = page.locator('input[type="email"], input[name="email"]').first();
      31 |     await expect(emailInput).toBeVisible();
        at C:\Users\HOME\Downloads\fieldcost\e2e\tier1.auth.spec.ts:28:68

    attachment #1: screenshot (image/png) ──────────────────────────────────────────────────────────
    ..\test-results\tier1.auth-TIER-1-Authenti-b290c-d-display-registration-page-chromium\test-failed-1.png
    ────────────────────────────────────────────────────────────────────────────────────────────────

    attachment #2: video (video/webm) ──────────────────────────────────────────────────────────────
    ..\test-results\tier1.auth-TIER-1-Authenti-b290c-d-display-registration-page-chromium\video.webm
    ────────────────────────────────────────────────────────────────────────────────────────────────

    Error Context: ..\test-results\tier1.auth-TIER-1-Authenti-b290c-d-display-registration-page-chromium\error-context.md
]]>
</failure>
<system-out>
<![CDATA[
[[ATTACHMENT|tier1.auth-TIER-1-Authenti-b290c-d-display-registration-page-chromium\test-failed-1.png]]

[[ATTACHMENT|tier1.auth-TIER-1-Authenti-b290c-d-display-registration-page-chromium\video.webm]]

[[ATTACHMENT|tier1.auth-TIER-1-Authenti-b290c-d-display-registration-page-chromium\error-context.md]]
]]>
</system-out>
</testcase>
<testcase name="TIER 1: Authentication › should display reset password page" classname="tier1.auth.spec.ts" time="46.467">
<failure message="tier1.auth.spec.ts:34:7 should display reset password page" type="FAILURE">
<![CDATA[  [chromium] › tier1.auth.spec.ts:34:7 › TIER 1: Authentication › should display reset password page 

    Test timeout of 30000ms exceeded.

    attachment #1: screenshot (image/png) ──────────────────────────────────────────────────────────
    ..\test-results\tier1.auth-TIER-1-Authenti-2d0d7-display-reset-password-page-chromium\test-failed-1.png
    ────────────────────────────────────────────────────────────────────────────────────────────────

    attachment #2: video (video/webm) ──────────────────────────────────────────────────────────────
    ..\test-results\tier1.auth-TIER-1-Authenti-2d0d7-display-reset-password-page-chromium\video.webm
    ────────────────────────────────────────────────────────────────────────────────────────────────

    Error Context: ..\test-results\tier1.auth-TIER-1-Authenti-2d0d7-display-reset-password-page-chromium\error-context.md
]]>
</failure>
<system-out>
<![CDATA[
[[ATTACHMENT|tier1.auth-TIER-1-Authenti-2d0d7-display-reset-password-page-chromium\test-failed-1.png]]

[[ATTACHMENT|tier1.auth-TIER-1-Authenti-2d0d7-display-reset-password-page-chromium\video.webm]]

[[ATTACHMENT|tier1.auth-TIER-1-Authenti-2d0d7-display-reset-password-page-chromium\error-context.md]]
]]>
</system-out>
</testcase>
<testcase name="TIER 1: Authentication › should display demo login page" classname="tier1.auth.spec.ts" time="37.032">
</testcase>
</testsuite>
<testsuite name="tier1.auth.spec.ts" timestamp="2026-03-12T16:20:55.027Z" hostname="firefox" tests="5" failures="5" skipped="0" time="181.509" errors="0">
<testcase name="TIER 1: Authentication › should load the home page" classname="tier1.auth.spec.ts" time="41.707">
<failure message="tier1.auth.spec.ts:9:7 should load the home page" type="FAILURE">
<![CDATA[  [firefox] › tier1.auth.spec.ts:9:7 › TIER 1: Authentication › should load the home page ──────────

    Test timeout of 30000ms exceeded.

    Error: page.goto: Test timeout of 30000ms exceeded.
    Call log:
      - navigating to "http://localhost:3000/", waiting until "load"


       8 | test.describe('TIER 1: Authentication', () => {
       9 |   test('should load the home page', async ({ page }) => {
    > 10 |     await page.goto('/');
         |                ^
      11 |     expect(page.url()).toContain('localhost');
      12 |   });
      13 |
        at C:\Users\HOME\Downloads\fieldcost\e2e\tier1.auth.spec.ts:10:16

    attachment #1: video (video/webm) ──────────────────────────────────────────────────────────────
    ..\test-results\tier1.auth-TIER-1-Authentication-should-load-the-home-page-firefox\video.webm
    ────────────────────────────────────────────────────────────────────────────────────────────────
]]>
</failure>
<system-out>
<![CDATA[
[[ATTACHMENT|tier1.auth-TIER-1-Authentication-should-load-the-home-page-firefox\video.webm]]
]]>
</system-out>
</testcase>
<testcase name="TIER 1: Authentication › should display login page" classname="tier1.auth.spec.ts" time="31.452">
<failure message="tier1.auth.spec.ts:14:7 should display login page" type="FAILURE">
<![CDATA[  [firefox] › tier1.auth.spec.ts:14:7 › TIER 1: Authentication › should display login page ─────────

    Test timeout of 30000ms exceeded while setting up "page".

    Error: browserContext.newPage: Test timeout of 30000ms exceeded.
]]>
</failure>
</testcase>
<testcase name="TIER 1: Authentication › should display registration page" classname="tier1.auth.spec.ts" time="24.539">
<failure message="tier1.auth.spec.ts:26:7 should display registration page" type="FAILURE">
<![CDATA[  [firefox] › tier1.auth.spec.ts:26:7 › TIER 1: Authentication › should display registration page ──

    Error: page.goto: Target page, context or browser has been closed
    Call log:
      - navigating to "http://localhost:3000/auth/register", waiting until "load"


      25 |
      26 |   test('should display registration page', async ({ page }) => {
    > 27 |     await page.goto('/auth/register');
         |                ^
      28 |     await expect(page.getByRole('heading', { name: /register/i })).toBeVisible();
      29 |     
      30 |     const emailInput = page.locator('input[type="email"], input[name="email"]').first();
        at C:\Users\HOME\Downloads\fieldcost\e2e\tier1.auth.spec.ts:27:16

    attachment #1: video (video/webm) ──────────────────────────────────────────────────────────────
    ..\test-results\tier1.auth-TIER-1-Authenti-b290c-d-display-registration-page-firefox\video.webm
    ────────────────────────────────────────────────────────────────────────────────────────────────
]]>
</failure>
<system-out>
<![CDATA[
[[ATTACHMENT|tier1.auth-TIER-1-Authenti-b290c-d-display-registration-page-firefox\video.webm]]
]]>
</system-out>
</testcase>
<testcase name="TIER 1: Authentication › should display reset password page" classname="tier1.auth.spec.ts" time="42.437">
<failure message="tier1.auth.spec.ts:34:7 should display reset password page" type="FAILURE">
<![CDATA[  [firefox] › tier1.auth.spec.ts:34:7 › TIER 1: Authentication › should display reset password page 

    Test timeout of 30000ms exceeded.

    Error: page.goto: Test timeout of 30000ms exceeded.
    Call log:
      - navigating to "http://localhost:3000/auth/reset-password", waiting until "load"


      33 |
      34 |   test('should display reset password page', async ({ page }) => {
    > 35 |     await page.goto('/auth/reset-password');
         |                ^
      36 |     // The page might redirect to an authenticated route or show password reset form
      37 |     const hasPasswordForm = await page.locator('input[type="password"]').first().isVisible({ timeout: 3000 }).catch(() => false);
      38 |     const hasResetHeading = await page.getByRole('heading', { name: /reset|password|new password/i }).first().isVisible({ timeout: 3000 }).catch(() => false);
        at C:\Users\HOME\Downloads\fieldcost\e2e\tier1.auth.spec.ts:35:16

    attachment #1: video (video/webm) ──────────────────────────────────────────────────────────────
    ..\test-results\tier1.auth-TIER-1-Authenti-2d0d7-display-reset-password-page-firefox\video.webm
    ────────────────────────────────────────────────────────────────────────────────────────────────
]]>
</failure>
<system-out>
<![CDATA[
[[ATTACHMENT|tier1.auth-TIER-1-Authenti-2d0d7-display-reset-password-page-firefox\video.webm]]
]]>
</system-out>
</testcase>
<testcase name="TIER 1: Authentication › should display demo login page" classname="tier1.auth.spec.ts" time="41.374">
<failure message="tier1.auth.spec.ts:44:7 should display demo login page" type="FAILURE">
<![CDATA[  [firefox] › tier1.auth.spec.ts:44:7 › TIER 1: Authentication › should display demo login page ────

    Test timeout of 30000ms exceeded.

    Error: page.goto: Test timeout of 30000ms exceeded.
    Call log:
      - navigating to "http://localhost:3000/auth/demo-login", waiting until "load"


      43 |
      44 |   test('should display demo login page', async ({ page }) => {
    > 45 |     await page.goto('/auth/demo-login');
         |                ^
      46 |     // Demo login page should exist
      47 |     expect(page.url()).toContain('demo-login');
      48 |   });
        at C:\Users\HOME\Downloads\fieldcost\e2e\tier1.auth.spec.ts:45:16

    attachment #1: video (video/webm) ──────────────────────────────────────────────────────────────
    ..\test-results\tier1.auth-TIER-1-Authenti-3d49a-uld-display-demo-login-page-firefox\video.webm
    ────────────────────────────────────────────────────────────────────────────────────────────────
]]>
</failure>
<system-out>
<![CDATA[
[[ATTACHMENT|tier1.auth-TIER-1-Authenti-3d49a-uld-display-demo-login-page-firefox\video.webm]]
]]>
</system-out>
</testcase>
</testsuite>
<testsuite name="tier1.auth.spec.ts" timestamp="2026-03-12T16:20:55.027Z" hostname="webkit" tests="5" failures="2" skipped="0" time="70.43" errors="0">
<testcase name="TIER 1: Authentication › should load the home page" classname="tier1.auth.spec.ts" time="12.941">
</testcase>
<testcase name="TIER 1: Authentication › should display login page" classname="tier1.auth.spec.ts" time="15.602">
<failure message="tier1.auth.spec.ts:14:7 should display login page" type="FAILURE">
<![CDATA[  [webkit] › tier1.auth.spec.ts:14:7 › TIER 1: Authentication › should display login page ──────────

    Error: expect(locator).toBeVisible() failed

    Locator: getByRole('heading', { name: 'Login' })
    Expected: visible
    Timeout: 5000ms
    Error: element(s) not found

    Call log:
      - Expect "toBeVisible" with timeout 5000ms
      - waiting for getByRole('heading', { name: 'Login' })


      14 |   test('should display login page', async ({ page }) => {
      15 |     await page.goto('/auth/login');
    > 16 |     await expect(page.getByRole('heading', { name: 'Login' })).toBeVisible();
         |                                                                ^
      17 |     
      18 |     // Try label first, then fallback to input selector
      19 |     const emailInput = page.locator('input[type="email"], input[name="email"]').first();
        at C:\Users\HOME\Downloads\fieldcost\e2e\tier1.auth.spec.ts:16:64

    attachment #1: screenshot (image/png) ──────────────────────────────────────────────────────────
    ..\test-results\tier1.auth-TIER-1-Authentication-should-display-login-page-webkit\test-failed-1.png
    ────────────────────────────────────────────────────────────────────────────────────────────────

    attachment #2: video (video/webm) ──────────────────────────────────────────────────────────────
    ..\test-results\tier1.auth-TIER-1-Authentication-should-display-login-page-webkit\video.webm
    ────────────────────────────────────────────────────────────────────────────────────────────────

    Error Context: ..\test-results\tier1.auth-TIER-1-Authentication-should-display-login-page-webkit\error-context.md
]]>
</failure>
<system-out>
<![CDATA[
[[ATTACHMENT|tier1.auth-TIER-1-Authentication-should-display-login-page-webkit\test-failed-1.png]]

[[ATTACHMENT|tier1.auth-TIER-1-Authentication-should-display-login-page-webkit\video.webm]]

[[ATTACHMENT|tier1.auth-TIER-1-Authentication-should-display-login-page-webkit\error-context.md]]
]]>
</system-out>
</testcase>
<testcase name="TIER 1: Authentication › should display registration page" classname="tier1.auth.spec.ts" time="15.393">
<failure message="tier1.auth.spec.ts:26:7 should display registration page" type="FAILURE">
<![CDATA[  [webkit] › tier1.auth.spec.ts:26:7 › TIER 1: Authentication › should display registration page ───

    Error: expect(locator).toBeVisible() failed

    Locator: getByRole('heading', { name: /register/i })
    Expected: visible
    Timeout: 5000ms
    Error: element(s) not found

    Call log:
      - Expect "toBeVisible" with timeout 5000ms
      - waiting for getByRole('heading', { name: /register/i })


      26 |   test('should display registration page', async ({ page }) => {
      27 |     await page.goto('/auth/register');
    > 28 |     await expect(page.getByRole('heading', { name: /register/i })).toBeVisible();
         |                                                                    ^
      29 |     
      30 |     const emailInput = page.locator('input[type="email"], input[name="email"]').first();
      31 |     await expect(emailInput).toBeVisible();
        at C:\Users\HOME\Downloads\fieldcost\e2e\tier1.auth.spec.ts:28:68

    attachment #1: screenshot (image/png) ──────────────────────────────────────────────────────────
    ..\test-results\tier1.auth-TIER-1-Authenti-b290c-d-display-registration-page-webkit\test-failed-1.png
    ────────────────────────────────────────────────────────────────────────────────────────────────

    attachment #2: video (video/webm) ──────────────────────────────────────────────────────────────
    ..\test-results\tier1.auth-TIER-1-Authenti-b290c-d-display-registration-page-webkit\video.webm
    ────────────────────────────────────────────────────────────────────────────────────────────────

    Error Context: ..\test-results\tier1.auth-TIER-1-Authenti-b290c-d-display-registration-page-webkit\error-context.md
]]>
</failure>
<system-out>
<![CDATA[
[[ATTACHMENT|tier1.auth-TIER-1-Authenti-b290c-d-display-registration-page-webkit\test-failed-1.png]]

[[ATTACHMENT|tier1.auth-TIER-1-Authenti-b290c-d-display-registration-page-webkit\video.webm]]

[[ATTACHMENT|tier1.auth-TIER-1-Authenti-b290c-d-display-registration-page-webkit\error-context.md]]
]]>
</system-out>
</testcase>
<testcase name="TIER 1: Authentication › should display reset password page" classname="tier1.auth.spec.ts" time="11.883">
</testcase>
<testcase name="TIER 1: Authentication › should display demo login page" classname="tier1.auth.spec.ts" time="14.611">
</testcase>
</testsuite>
<testsuite name="tier1.auth.spec.ts" timestamp="2026-03-12T16:20:55.027Z" hostname="Mobile Chrome" tests="5" failures="2" skipped="0" time="39.332" errors="0">
<testcase name="TIER 1: Authentication › should load the home page" classname="tier1.auth.spec.ts" time="8.503">
</testcase>
<testcase name="TIER 1: Authentication › should display login page" classname="tier1.auth.spec.ts" time="14.63">
<failure message="tier1.auth.spec.ts:14:7 should display login page" type="FAILURE">
<![CDATA[  [Mobile Chrome] › tier1.auth.spec.ts:14:7 › TIER 1: Authentication › should display login page ───

    Error: expect(locator).toBeVisible() failed

    Locator: getByRole('heading', { name: 'Login' })
    Expected: visible
    Timeout: 5000ms
    Error: element(s) not found

    Call log:
      - Expect "toBeVisible" with timeout 5000ms
      - waiting for getByRole('heading', { name: 'Login' })


      14 |   test('should display login page', async ({ page }) => {
      15 |     await page.goto('/auth/login');
    > 16 |     await expect(page.getByRole('heading', { name: 'Login' })).toBeVisible();
         |                                                                ^
      17 |     
      18 |     // Try label first, then fallback to input selector
      19 |     const emailInput = page.locator('input[type="email"], input[name="email"]').first();
        at C:\Users\HOME\Downloads\fieldcost\e2e\tier1.auth.spec.ts:16:64

    attachment #1: screenshot (image/png) ──────────────────────────────────────────────────────────
    ..\test-results\tier1.auth-TIER-1-Authentication-should-display-login-page-Mobile-Chrome\test-failed-1.png
    ────────────────────────────────────────────────────────────────────────────────────────────────

    attachment #2: video (video/webm) ──────────────────────────────────────────────────────────────
    ..\test-results\tier1.auth-TIER-1-Authentication-should-display-login-page-Mobile-Chrome\video.webm
    ────────────────────────────────────────────────────────────────────────────────────────────────

    Error Context: ..\test-results\tier1.auth-TIER-1-Authentication-should-display-login-page-Mobile-Chrome\error-context.md
]]>
</failure>
<system-out>
<![CDATA[
[[ATTACHMENT|tier1.auth-TIER-1-Authentication-should-display-login-page-Mobile-Chrome\test-failed-1.png]]

[[ATTACHMENT|tier1.auth-TIER-1-Authentication-should-display-login-page-Mobile-Chrome\video.webm]]

[[ATTACHMENT|tier1.auth-TIER-1-Authentication-should-display-login-page-Mobile-Chrome\error-context.md]]
]]>
</system-out>
</testcase>
<testcase name="TIER 1: Authentication › should display registration page" classname="tier1.auth.spec.ts" time="8.861">
<failure message="tier1.auth.spec.ts:26:7 should display registration page" type="FAILURE">
<![CDATA[  [Mobile Chrome] › tier1.auth.spec.ts:26:7 › TIER 1: Authentication › should display registration page 

    Error: expect(locator).toBeVisible() failed

    Locator: getByRole('heading', { name: /register/i })
    Expected: visible
    Timeout: 5000ms
    Error: element(s) not found

    Call log:
      - Expect "toBeVisible" with timeout 5000ms
      - waiting for getByRole('heading', { name: /register/i })


      26 |   test('should display registration page', async ({ page }) => {
      27 |     await page.goto('/auth/register');
    > 28 |     await expect(page.getByRole('heading', { name: /register/i })).toBeVisible();
         |                                                                    ^
      29 |     
      30 |     const emailInput = page.locator('input[type="email"], input[name="email"]').first();
      31 |     await expect(emailInput).toBeVisible();
        at C:\Users\HOME\Downloads\fieldcost\e2e\tier1.auth.spec.ts:28:68

    attachment #1: screenshot (image/png) ──────────────────────────────────────────────────────────
    ..\test-results\tier1.auth-TIER-1-Authenti-b290c-d-display-registration-page-Mobile-Chrome\test-failed-1.png
    ────────────────────────────────────────────────────────────────────────────────────────────────

    attachment #2: video (video/webm) ──────────────────────────────────────────────────────────────
    ..\test-results\tier1.auth-TIER-1-Authenti-b290c-d-display-registration-page-Mobile-Chrome\video.webm
    ────────────────────────────────────────────────────────────────────────────────────────────────

    Error Context: ..\test-results\tier1.auth-TIER-1-Authenti-b290c-d-display-registration-page-Mobile-Chrome\error-context.md
]]>
</failure>
<system-out>
<![CDATA[
[[ATTACHMENT|tier1.auth-TIER-1-Authenti-b290c-d-display-registration-page-Mobile-Chrome\test-failed-1.png]]

[[ATTACHMENT|tier1.auth-TIER-1-Authenti-b290c-d-display-registration-page-Mobile-Chrome\video.webm]]

[[ATTACHMENT|tier1.auth-TIER-1-Authenti-b290c-d-display-registration-page-Mobile-Chrome\error-context.md]]
]]>
</system-out>
</testcase>
<testcase name="TIER 1: Authentication › should display reset password page" classname="tier1.auth.spec.ts" time="4.211">
</testcase>
<testcase name="TIER 1: Authentication › should display demo login page" classname="tier1.auth.spec.ts" time="3.127">
</testcase>
</testsuite>
<testsuite name="tier1.auth.spec.ts" timestamp="2026-03-12T16:20:55.027Z" hostname="Mobile Safari" tests="5" failures="2" skipped="0" time="59.924" errors="0">
<testcase name="TIER 1: Authentication › should load the home page" classname="tier1.auth.spec.ts" time="12.39">
</testcase>
<testcase name="TIER 1: Authentication › should display login page" classname="tier1.auth.spec.ts" time="13.629">
<failure message="tier1.auth.spec.ts:14:7 should display login page" type="FAILURE">
<![CDATA[  [Mobile Safari] › tier1.auth.spec.ts:14:7 › TIER 1: Authentication › should display login page ───

    Error: expect(locator).toBeVisible() failed

    Locator: getByRole('heading', { name: 'Login' })
    Expected: visible
    Timeout: 5000ms
    Error: element(s) not found

    Call log:
      - Expect "toBeVisible" with timeout 5000ms
      - waiting for getByRole('heading', { name: 'Login' })


      14 |   test('should display login page', async ({ page }) => {
      15 |     await page.goto('/auth/login');
    > 16 |     await expect(page.getByRole('heading', { name: 'Login' })).toBeVisible();
         |                                                                ^
      17 |     
      18 |     // Try label first, then fallback to input selector
      19 |     const emailInput = page.locator('input[type="email"], input[name="email"]').first();
        at C:\Users\HOME\Downloads\fieldcost\e2e\tier1.auth.spec.ts:16:64

    attachment #1: screenshot (image/png) ──────────────────────────────────────────────────────────
    ..\test-results\tier1.auth-TIER-1-Authentication-should-display-login-page-Mobile-Safari\test-failed-1.png
    ────────────────────────────────────────────────────────────────────────────────────────────────

    attachment #2: video (video/webm) ──────────────────────────────────────────────────────────────
    ..\test-results\tier1.auth-TIER-1-Authentication-should-display-login-page-Mobile-Safari\video.webm
    ────────────────────────────────────────────────────────────────────────────────────────────────

    Error Context: ..\test-results\tier1.auth-TIER-1-Authentication-should-display-login-page-Mobile-Safari\error-context.md
]]>
</failure>
<system-out>
<![CDATA[
[[ATTACHMENT|tier1.auth-TIER-1-Authentication-should-display-login-page-Mobile-Safari\test-failed-1.png]]

[[ATTACHMENT|tier1.auth-TIER-1-Authentication-should-display-login-page-Mobile-Safari\video.webm]]

[[ATTACHMENT|tier1.auth-TIER-1-Authentication-should-display-login-page-Mobile-Safari\error-context.md]]
]]>
</system-out>
</testcase>
<testcase name="TIER 1: Authentication › should display registration page" classname="tier1.auth.spec.ts" time="20.351">
<failure message="tier1.auth.spec.ts:26:7 should display registration page" type="FAILURE">
<![CDATA[  [Mobile Safari] › tier1.auth.spec.ts:26:7 › TIER 1: Authentication › should display registration page 

    Error: expect(locator).toBeVisible() failed

    Locator: getByRole('heading', { name: /register/i })
    Expected: visible
    Timeout: 5000ms
    Error: element(s) not found

    Call log:
      - Expect "toBeVisible" with timeout 5000ms
      - waiting for getByRole('heading', { name: /register/i })


      26 |   test('should display registration page', async ({ page }) => {
      27 |     await page.goto('/auth/register');
    > 28 |     await expect(page.getByRole('heading', { name: /register/i })).toBeVisible();
         |                                                                    ^
      29 |     
      30 |     const emailInput = page.locator('input[type="email"], input[name="email"]').first();
      31 |     await expect(emailInput).toBeVisible();
        at C:\Users\HOME\Downloads\fieldcost\e2e\tier1.auth.spec.ts:28:68

    attachment #1: screenshot (image/png) ──────────────────────────────────────────────────────────
    ..\test-results\tier1.auth-TIER-1-Authenti-b290c-d-display-registration-page-Mobile-Safari\test-failed-1.png
    ────────────────────────────────────────────────────────────────────────────────────────────────

    attachment #2: video (video/webm) ──────────────────────────────────────────────────────────────
    ..\test-results\tier1.auth-TIER-1-Authenti-b290c-d-display-registration-page-Mobile-Safari\video.webm
    ────────────────────────────────────────────────────────────────────────────────────────────────

    Error Context: ..\test-results\tier1.auth-TIER-1-Authenti-b290c-d-display-registration-page-Mobile-Safari\error-context.md
]]>
</failure>
<system-out>
<![CDATA[
[[ATTACHMENT|tier1.auth-TIER-1-Authenti-b290c-d-display-registration-page-Mobile-Safari\test-failed-1.png]]

[[ATTACHMENT|tier1.auth-TIER-1-Authenti-b290c-d-display-registration-page-Mobile-Safari\video.webm]]

[[ATTACHMENT|tier1.auth-TIER-1-Authenti-b290c-d-display-registration-page-Mobile-Safari\error-context.md]]
]]>
</system-out>
</testcase>
<testcase name="TIER 1: Authentication › should display reset password page" classname="tier1.auth.spec.ts" time="9.322">
</testcase>
<testcase name="TIER 1: Authentication › should display demo login page" classname="tier1.auth.spec.ts" time="4.232">
</testcase>
</testsuite>
</testsuites>